: ***************************** Module Header ******************************\
:
: Module Name: nepmd.lst
:
: List file for the WarpIn package, defining packages and files to
: be packed into the WPI file.
:
: Requires mkwpi.cmd
:
: Copyright (c) Netlabs EPM Distribution Project 2002
:
: $Id$
:
: ===========================================================================
:
: This file is part of the Netlabs EPM Distribution package and is free
: software.  You can redistribute it and/or modify it under the terms of the
: GNU General Public License as published by the Free Software
: Foundation, in version 2 as it comes in the "COPYING" file of the
: Netlabs EPM Distribution.  This library is distributed in the hope that it
: will be useful, but WITHOUT ANY WARRANTY; without even the implied warranty
: of MERCHANTABILITY or FITNESS FOR A PARTICULAR PURPOSE.  See the GNU
: General Public License for more details.
:
: **************************************************************************/

: --- package 1: Base Application Support

APP              1 %UNZIPPEDDIR%\epmapp          epmbbs\*
BK               1 %UNZIPPEDDIR%\epmbk           epmbbs\*
BMP              1 %UNZIPPEDDIR%\epmbmps         epmbbs\*
NEPMD_EPMCALL    1 %BINDIR%\epmcall              netlabs\bin\*
NEPMD_EPMCALLCFG 1 %CMPDIR%\base                 netlabs\bin\*
NEPMD_INSTALL    1 %CMPDIR%\base                 netlabs\install\*
NEPMD_BOOK       1 %CMPDIR%\base                 netlabs\book\*
NEPMD_HELP       1 %CMPDIR%\base                 netlabs\help\*
NEPMD_EX         1 %CMPDIR%\base                 netlabs\ex\*
NEPMD_DLL        1 %BINDIR%\base                 netlabs\dll\*
NEPMD_DLL        1 %CMPDIR%\base                 netlabs\dll\*
NEPMD_MODE       1 %CMPDIR%\base                 netlabs\mode\*
NEPMD_NDX        1 %CMPDIR%\base                 netlabs\ndx\*
NEPMD_BAR        1 %CMPDIR%\base                 netlabs\bar\*
NEPMD_BMP        1 %CMPDIR%\base                 netlabs\bmp\*
COPYING          1 %CMPDIR%\base                 COPYING

: --- package 2: Recompile Package

MACROS           2 %UNZIPPEDDIR%\epmmac          epmbbs\*
MACROS2          2 %UNZIPPEDDIR%\epmmac2         epmbbs\*
MACROSAMPLES     2 %UNZIPPEDDIR%\epmsmp          epmbbs\*
EBOOKE           2 %UNZIPPEDDIR%\ebooke          epmbbs\*
MYASSIST         2 %UNZIPPEDDIR%\epmasi          epmbbs\*
VMEXEC           2 %UNZIPPEDDIR%\lampdq          epmbbs\*
: NEPMD_RECOMP     2 %BINDIR%\recomp               netlabs\bin\*
NEPMD_MACROS     2 %CMPDIR%\base                 netlabs\macros\*

: --- package 3: Programming Samples

DDESAMPLE        3 %UNZIPPEDDIR%\epmdde          epmbbs\*
REXXSAMPLE       3 %UNZIPPEDDIR%\epmrex          epmbbs\*
CSAMPLE          3 %UNZIPPEDDIR%\epmcsamp        epmbbs\*
ATTR             3 %UNZIPPEDDIR%\epmatr          epmbbs\*

: --- package 4: Color Palette

: This creates a 0-byte package

: Since WarpIN 1.0.16, NUL can be used
: DUMMY            4 %CMPDIR%                      srccopy.txt

: NUL makes WarpIN happy, MKWPI needs any dir spec:
DUMMY            4 .                             NUL

: --- package 5: Associations

: NUL makes WarpIN happy, MKWPI needs any dir spec:
DUMMY            5 .                             NUL

: --- package 6: Custom Icons

: NUL makes WarpIN happy, MKWPI needs any dir spec:
DUMMY            6 .                             NUL

: --- package 7: Safe First Start

: NUL makes WarpIN happy, MKWPI needs any dir spec:
DUMMY            7 .                             NUL

: --- package 98: Speech Support

SPEECH          98 %UNZIPPEDDIR%\epmspch         epmbbs\*

