; ***************************** Module Header ******************************\
;
; Module Name: exfiles.lst
;
; This list is read by the RecompileAll command, as well as the actions.lst.
; For own additions, create a new file with the extension LST in your
; %NEPMD_USERDIR%\EX directory.
;
; Blank lines or lines starting with ; are ignored.
;
; Copyright (c) Netlabs EPM Distribution Project 2004
;
; $Id: exfiles.lst,v 1.7 2006-03-26 12:18:01 aschn Exp $
;
; ===========================================================================
;
; This file is part of the Netlabs EPM Distribution package and is free
; software.  You can redistribute it and/or modify it under the terms of the
; GNU General Public License as published by the Free Software
; Foundation, in version 2 as it comes in the "COPYING" file of the
; Netlabs EPM Distribution.  This library is distributed in the hope that it
; will be useful, but WITHOUT ANY WARRANTY; without even the implied warranty
; of MERCHANTABILITY or FITNESS FOR A PARTICULAR PURPOSE.  See the GNU
; General Public License for more details.
;
; **************************************************************************/

epm
alt_1
bookmark
box
dict
draw
epmcomp
epmlex
fevshmnu
ftpload
ftpsave
;get
help
indentblock
kwhelp
maketags
newmenu
next_win
ovshmenu
popup
;put
recode
recompile
reflowmail
showu
singlespace
stdmenu
tags
testkeys
treeit
unhtml
wordproc

